==============================================================================
20240517 09:57:13.317 - INFO - + START SUITE: Lab6 [ ]
==============================================================================
20240517 09:57:13.319 - INFO - +- START SUITE: Lab6.Demo [ ]
==============================================================================
20240517 09:57:13.321 - INFO - +-- START SUITE: Lab6.Demo.Demo Suite [ ]
==============================================================================
20240517 09:57:13.322 - INFO - +--- START TEST: logSomething [ ]
------------------------------------------------------------------------------
20240517 09:57:13.322 - INFO - +---- START KEYWORD: BuiltIn.Log [ BuiltIn Log Keyword Log ]
20240517 09:57:13.324 - INFO - BuiltIn Log Keyword Log
20240517 09:57:13.324 - INFO - +---- END KEYWORD: BuiltIn.Log (2)
~~~~~~~~~~~~~~~~~~~~~~~~~~~~~~~~~~~~~~~~~~~~~~~~~~~~~~~~~~~~~~~~~~~~~~~~~~~~~~
20240517 09:57:13.324 - INFO - +---- START KEYWORD: BuiltIn.Set Variable [ 20 ]
20240517 09:57:13.324 - INFO - ${a} = 20
20240517 09:57:13.325 - INFO - +---- END KEYWORD: BuiltIn.Set Variable (0)
~~~~~~~~~~~~~~~~~~~~~~~~~~~~~~~~~~~~~~~~~~~~~~~~~~~~~~~~~~~~~~~~~~~~~~~~~~~~~~
20240517 09:57:13.325 - INFO - +---- START KEYWORD: BuiltIn.Log [ ${a} ]
20240517 09:57:13.325 - INFO - 20
20240517 09:57:13.326 - INFO - +---- END KEYWORD: BuiltIn.Log (0)
~~~~~~~~~~~~~~~~~~~~~~~~~~~~~~~~~~~~~~~~~~~~~~~~~~~~~~~~~~~~~~~~~~~~~~~~~~~~~~
20240517 09:57:13.326 - INFO - +---- START KEYWORD: BuiltIn.Get Time [ ]
20240517 09:57:13.327 - INFO - ${time} = 2024-05-17 09:57:13
20240517 09:57:13.327 - INFO - +---- END KEYWORD: BuiltIn.Get Time (1)
~~~~~~~~~~~~~~~~~~~~~~~~~~~~~~~~~~~~~~~~~~~~~~~~~~~~~~~~~~~~~~~~~~~~~~~~~~~~~~
20240517 09:57:13.328 - INFO - +---- START KEYWORD: BuiltIn.Run Keyword And Return Status [ Should Be Equal | ${a} | 20 ]
20240517 09:57:13.328 - INFO - +----- START KEYWORD: BuiltIn.Should Be Equal [ ${a} | 20 ]
20240517 09:57:13.329 - DEBUG - Argument types are:
<class 'str'>
<class 'str'>
20240517 09:57:13.329 - INFO - +----- END KEYWORD: BuiltIn.Should Be Equal (1)
20240517 09:57:13.329 - INFO - ${assert_res} = True
20240517 09:57:13.330 - INFO - +---- END KEYWORD: BuiltIn.Run Keyword And Return Status (2)
~~~~~~~~~~~~~~~~~~~~~~~~~~~~~~~~~~~~~~~~~~~~~~~~~~~~~~~~~~~~~~~~~~~~~~~~~~~~~~
20240517 09:57:13.330 - INFO - +---- START KEYWORD: BuiltIn.Log [ ${assert_res} ]
20240517 09:57:13.330 - INFO - True
20240517 09:57:13.331 - INFO - +---- END KEYWORD: BuiltIn.Log (0)
~~~~~~~~~~~~~~~~~~~~~~~~~~~~~~~~~~~~~~~~~~~~~~~~~~~~~~~~~~~~~~~~~~~~~~~~~~~~~~
20240517 09:57:13.331 - INFO - +---- START KEYWORD: BuiltIn.Should Contain [ I love software test! | love ]
20240517 09:57:13.331 - INFO - +---- END KEYWORD: BuiltIn.Should Contain (0)
~~~~~~~~~~~~~~~~~~~~~~~~~~~~~~~~~~~~~~~~~~~~~~~~~~~~~~~~~~~~~~~~~~~~~~~~~~~~~~
20240517 09:57:13.331 - INFO - +---- START KEYWORD: BuiltIn.Run Keyword And Ignore Error [ Log | Man! ]
20240517 09:57:13.331 - INFO - +----- START KEYWORD: BuiltIn.Log [ Man! ]
20240517 09:57:13.332 - INFO - Man!
20240517 09:57:13.332 - INFO - +----- END KEYWORD: BuiltIn.Log (1)
20240517 09:57:13.332 - INFO - +---- END KEYWORD: BuiltIn.Run Keyword And Ignore Error (1)
~~~~~~~~~~~~~~~~~~~~~~~~~~~~~~~~~~~~~~~~~~~~~~~~~~~~~~~~~~~~~~~~~~~~~~~~~~~~~~
20240517 09:57:13.332 - INFO - +---- START KEYWORD: BuiltIn.Convert To Binary [ ${20} ]
20240517 09:57:13.333 - DEBUG - Argument types are:
<class 'int'>
20240517 09:57:13.333 - INFO - ${bs} = 10100
20240517 09:57:13.333 - INFO - +---- END KEYWORD: BuiltIn.Convert To Binary (1)
~~~~~~~~~~~~~~~~~~~~~~~~~~~~~~~~~~~~~~~~~~~~~~~~~~~~~~~~~~~~~~~~~~~~~~~~~~~~~~
20240517 09:57:13.333 - INFO - +---- START KEYWORD: BuiltIn.Log [ ${bs} ]
20240517 09:57:13.333 - INFO - 10100
20240517 09:57:13.334 - INFO - +---- END KEYWORD: BuiltIn.Log (0)
------------------------------------------------------------------------------
20240517 09:57:13.334 - INFO - +--- END TEST: logSomething (12)
------------------------------------------------------------------------------
20240517 09:57:13.335 - INFO - +-- END SUITE: Lab6.Demo.Demo Suite (15)
==============================================================================
20240517 09:57:13.336 - INFO - +- END SUITE: Lab6.Demo (18)
==============================================================================
20240517 09:57:13.336 - INFO - + END SUITE: Lab6 (44)
==============================================================================
